<?xml version="1.0" encoding="UTF-8"?>
<testsuites>
  <testsuite name="TagCache\Tests\ClientTest" file="/Users/aminshamim/projects/tagcache/sdk/php/tests/ClientTest.php" tests="10" assertions="46" errors="0" failures="0" skipped="0" time="0.079253">
    <testcase name="testPutAndGet" file="/Users/aminshamim/projects/tagcache/sdk/php/tests/ClientTest.php" line="36" class="TagCache\Tests\ClientTest" classname="TagCache.Tests.ClientTest" assertions="3" time="0.032743"/>
    <testcase name="testGetNonExistent" file="/Users/aminshamim/projects/tagcache/sdk/php/tests/ClientTest.php" line="53" class="TagCache\Tests\ClientTest" classname="TagCache.Tests.ClientTest" assertions="1" time="0.003669"/>
    <testcase name="testDeleteNonExistent" file="/Users/aminshamim/projects/tagcache/sdk/php/tests/ClientTest.php" line="59" class="TagCache\Tests\ClientTest" classname="TagCache.Tests.ClientTest" assertions="1" time="0.001779"/>
    <testcase name="testPutWithTags" file="/Users/aminshamim/projects/tagcache/sdk/php/tests/ClientTest.php" line="64" class="TagCache\Tests\ClientTest" classname="TagCache.Tests.ClientTest" assertions="7" time="0.004997"/>
    <testcase name="testBulkOperations" file="/Users/aminshamim/projects/tagcache/sdk/php/tests/ClientTest.php" line="88" class="TagCache\Tests\ClientTest" classname="TagCache.Tests.ClientTest" assertions="12" time="0.006058"/>
    <testcase name="testStats" file="/Users/aminshamim/projects/tagcache/sdk/php/tests/ClientTest.php" line="117" class="TagCache\Tests\ClientTest" classname="TagCache.Tests.ClientTest" assertions="3" time="0.002032"/>
    <testcase name="testHealth" file="/Users/aminshamim/projects/tagcache/sdk/php/tests/ClientTest.php" line="125" class="TagCache\Tests\ClientTest" classname="TagCache.Tests.ClientTest" assertions="3" time="0.001272"/>
    <testcase name="testSearch" file="/Users/aminshamim/projects/tagcache/sdk/php/tests/ClientTest.php" line="133" class="TagCache\Tests\ClientTest" classname="TagCache.Tests.ClientTest" assertions="7" time="0.007257"/>
    <testcase name="testTagHelpers" file="/Users/aminshamim/projects/tagcache/sdk/php/tests/ClientTest.php" line="163" class="TagCache\Tests\ClientTest" classname="TagCache.Tests.ClientTest" assertions="5" time="0.015359">
      <system-out>
DEBUG TEST: key='helper:test:68c29baddc054', tag='helper-tag-68c29baddc055', found keys: ["helper:test:68c29baddc054"]
</system-out>
    </testcase>
    <testcase name="testInvalidateByKey" file="/Users/aminshamim/projects/tagcache/sdk/php/tests/ClientTest.php" line="189" class="TagCache\Tests\ClientTest" classname="TagCache.Tests.ClientTest" assertions="4" time="0.004088"/>
  </testsuite>
</testsuites>
