<?xml version="1.0" encoding="UTF-8"?>
<testsuites>
  <testsuite name="HttpTransportTest" file="/Users/aminshamim/projects/tagcache/sdk/php/tests/HttpTransportTest.php" tests="5" assertions="10" errors="0" failures="0" skipped="0" time="0.367121">
    <testcase name="testBuilds" file="/Users/aminshamim/projects/tagcache/sdk/php/tests/HttpTransportTest.php" line="10" class="HttpTransportTest" classname="HttpTransportTest" assertions="1" time="0.027636"/>
    <testcase name="testGuzzleClientIsUsed" file="/Users/aminshamim/projects/tagcache/sdk/php/tests/HttpTransportTest.php" line="25" class="HttpTransportTest" classname="HttpTransportTest" assertions="2" time="0.002171"/>
    <testcase name="testAuthenticationFailureDoesNotRetry" file="/Users/aminshamim/projects/tagcache/sdk/php/tests/HttpTransportTest.php" line="49" class="HttpTransportTest" classname="HttpTransportTest" assertions="2" time="0.026219"/>
    <testcase name="testConnectionFailureRetriesWithExponentialBackoff" file="/Users/aminshamim/projects/tagcache/sdk/php/tests/HttpTransportTest.php" line="82" class="HttpTransportTest" classname="HttpTransportTest" assertions="2" time="0.310776"/>
    <testcase name="testConfigurationExceptionForMissingSerializerExtension" file="/Users/aminshamim/projects/tagcache/sdk/php/tests/HttpTransportTest.php" line="117" class="HttpTransportTest" classname="HttpTransportTest" assertions="3" time="0.000320"/>
  </testsuite>
</testsuites>
